<?xml version="1.0" encoding="UTF-8"?>
<!-- Generated by org.testng.reporters.JUnitReportReporter -->
<testsuite skipped="0" hostname="HPEnvy17" name="Tests.Create_Account" tests="1" failures="0" timestamp="10 Jun 2019 01:49:02 GMT" time="10.076" errors="0">
  <testcase name="createAccount_MandatoryFields" time="10.076" classname="Tests.Create_Account"/>
</testsuite> <!-- Tests.Create_Account -->
